Tue Oct 19 14:46:29 CEST 2010  [debug] AvalonLogSystem initialized using logfile 'velocity.log'
Tue Oct 19 14:46:29 CEST 2010   [info] ************************************************************** 
Tue Oct 19 14:46:29 CEST 2010   [info] Starting Jakarta Velocity v1.4
Tue Oct 19 14:46:29 CEST 2010   [info] RuntimeInstance initializing.
Tue Oct 19 14:46:29 CEST 2010   [info] Default Properties File: org\apache\velocity\runtime\defaults\velocity.properties
Tue Oct 19 14:46:29 CEST 2010   [info] Trying to use logger class org.apache.velocity.runtime.log.AvalonLogSystem
Tue Oct 19 14:46:29 CEST 2010   [info] Using logger class org.apache.velocity.runtime.log.AvalonLogSystem
Tue Oct 19 14:46:29 CEST 2010   [info] Default ResourceManager initializing. (class org.apache.velocity.runtime.resource.ResourceManagerImpl)
Tue Oct 19 14:46:29 CEST 2010   [info] Resource Loader Instantiated: com.adobe.flexbuilder.tengine.AbsoluteFileResourceLoader
Tue Oct 19 14:46:29 CEST 2010   [info] FileResourceLoader : initialization complete.
Tue Oct 19 14:46:29 CEST 2010   [info] Resource Loader Instantiated: com.adobe.flexbuilder.tengine.StringResourceLoader
Tue Oct 19 14:46:29 CEST 2010   [info] ResourceCache : initialized. (class org.apache.velocity.runtime.resource.ResourceCacheImpl)
Tue Oct 19 14:46:29 CEST 2010   [info] Default ResourceManager initialization complete.
Tue Oct 19 14:46:29 CEST 2010   [info] Loaded System Directive: org.apache.velocity.runtime.directive.Literal
Tue Oct 19 14:46:29 CEST 2010   [info] Loaded System Directive: org.apache.velocity.runtime.directive.Macro
Tue Oct 19 14:46:29 CEST 2010   [info] Loaded System Directive: org.apache.velocity.runtime.directive.Parse
Tue Oct 19 14:46:29 CEST 2010   [info] Loaded System Directive: org.apache.velocity.runtime.directive.Include
Tue Oct 19 14:46:29 CEST 2010   [info] Loaded System Directive: org.apache.velocity.runtime.directive.Foreach
Tue Oct 19 14:46:29 CEST 2010   [info] Created: 20 parsers.
Tue Oct 19 14:46:29 CEST 2010   [info] Velocimacro : initialization starting.
Tue Oct 19 14:46:29 CEST 2010   [info] Velocimacro : adding VMs from VM library template : /C:/Program Files (x86)/Adobe/Flex Builder 3/plugins/com.adobe.flexbuilder.tengine_3.0.214193/templates/macros/basic.vm
Tue Oct 19 14:46:29 CEST 2010   [info] Velocimacro : added new VM : #basicListArgs( arguments ) : source = /C:/Program Files (x86)/Adobe/Flex Builder 3/plugins/com.adobe.flexbuilder.tengine_3.0.214193/templates/macros/basic.vm
Tue Oct 19 14:46:29 CEST 2010   [info] Velocimacro : added new VM : #showIfNotEmpty( value string ) : source = /C:/Program Files (x86)/Adobe/Flex Builder 3/plugins/com.adobe.flexbuilder.tengine_3.0.214193/templates/macros/basic.vm
Tue Oct 19 14:46:29 CEST 2010   [info] Velocimacro : added new VM : #dotPackage( value ) : source = /C:/Program Files (x86)/Adobe/Flex Builder 3/plugins/com.adobe.flexbuilder.tengine_3.0.214193/templates/macros/basic.vm
Tue Oct 19 14:46:29 CEST 2010   [info] ResourceManager : found /C:/Program Files (x86)/Adobe/Flex Builder 3/plugins/com.adobe.flexbuilder.tengine_3.0.214193/templates/macros/basic.vm with loader com.adobe.flexbuilder.tengine.AbsoluteFileResourceLoader
Tue Oct 19 14:46:29 CEST 2010   [info] Velocimacro :  VM library template macro registration complete.
Tue Oct 19 14:46:29 CEST 2010   [info] Velocimacro : allowInline = true : VMs can be defined inline in templates
Tue Oct 19 14:46:29 CEST 2010   [info] Velocimacro : allowInlineToOverride = false : VMs defined inline may NOT replace previous VM definitions
Tue Oct 19 14:46:29 CEST 2010   [info] Velocimacro : allowInlineLocal = false : VMs defined inline will be  global in scope if allowed.
Tue Oct 19 14:46:29 CEST 2010   [info] Velocimacro : messages on  : VM system will output logging messages
Tue Oct 19 14:46:29 CEST 2010   [info] Velocimacro : autoload off  : VM system will not automatically reload global library macros
Tue Oct 19 14:46:29 CEST 2010   [info] Velocimacro : initialization complete.
Tue Oct 19 14:46:29 CEST 2010   [info] Velocity successfully started.
Tue Oct 19 14:56:07 CEST 2010   [info] ResourceManager : found /C:/Program Files (x86)/Adobe/Flex Builder 3/plugins/com.adobe.flexbuilder.dbwizard_3.0.214193/templates/java_rest/mxml/folderProps.properties with loader com.adobe.flexbuilder.tengine.AbsoluteFileResourceLoader
Tue Oct 19 14:56:07 CEST 2010   [info] Velocimacro : added new VM : #asTypePropList( arguments ) : source = /C:/Program Files (x86)/Adobe/Flex Builder 3/plugins/com.adobe.flexbuilder.dbwizard_3.0.214193/templates/java_rest/mxml/Script.as.vm
Tue Oct 19 14:56:07 CEST 2010   [info] ResourceManager : found /C:/Program Files (x86)/Adobe/Flex Builder 3/plugins/com.adobe.flexbuilder.dbwizard_3.0.214193/templates/java_rest/mxml/Script.as.vm with loader com.adobe.flexbuilder.tengine.AbsoluteFileResourceLoader
Tue Oct 19 14:56:07 CEST 2010   [info] ResourceManager : found /C:/Program Files (x86)/Adobe/Flex Builder 3/plugins/com.adobe.flexbuilder.dbwizard_3.0.214193/templates/java_rest/mxml/config.as.vm with loader com.adobe.flexbuilder.tengine.AbsoluteFileResourceLoader
Tue Oct 19 14:56:07 CEST 2010   [info] ResourceManager : found /C:/Program Files (x86)/Adobe/Flex Builder 3/plugins/com.adobe.flexbuilder.dbwizard_3.0.214193/templates/java_rest/mxml/main.mxml.vm with loader com.adobe.flexbuilder.tengine.AbsoluteFileResourceLoader
Tue Oct 19 14:56:08 CEST 2010   [info] ResourceManager : found /C:/Program Files (x86)/Adobe/Flex Builder 3/plugins/com.adobe.flexbuilder.dbwizard_3.0.214193/templates/php_rest/php/folderProps.properties with loader com.adobe.flexbuilder.tengine.AbsoluteFileResourceLoader
Tue Oct 19 14:56:08 CEST 2010   [info] ResourceManager : found /C:/Program Files (x86)/Adobe/Flex Builder 3/plugins/com.adobe.flexbuilder.dbwizard_3.0.214193/templates/php_rest/php/conn.php.vm with loader com.adobe.flexbuilder.tengine.AbsoluteFileResourceLoader
Tue Oct 19 14:56:08 CEST 2010   [warn] org.apache.velocity.runtime.exception.ReferenceException: reference : template = /C:/Program Files (x86)/Adobe/Flex Builder 3/plugins/com.adobe.flexbuilder.dbwizard_3.0.214193/templates/php_rest/php/conn.php.vm [line 6,column 1] : $hostname_conn is not a valid reference.
Tue Oct 19 14:56:08 CEST 2010   [warn] org.apache.velocity.runtime.exception.ReferenceException: reference : template = /C:/Program Files (x86)/Adobe/Flex Builder 3/plugins/com.adobe.flexbuilder.dbwizard_3.0.214193/templates/php_rest/php/conn.php.vm [line 7,column 1] : $database_conn is not a valid reference.
Tue Oct 19 14:56:08 CEST 2010   [warn] org.apache.velocity.runtime.exception.ReferenceException: reference : template = /C:/Program Files (x86)/Adobe/Flex Builder 3/plugins/com.adobe.flexbuilder.dbwizard_3.0.214193/templates/php_rest/php/conn.php.vm [line 8,column 1] : $username_conn is not a valid reference.
Tue Oct 19 14:56:08 CEST 2010   [warn] org.apache.velocity.runtime.exception.ReferenceException: reference : template = /C:/Program Files (x86)/Adobe/Flex Builder 3/plugins/com.adobe.flexbuilder.dbwizard_3.0.214193/templates/php_rest/php/conn.php.vm [line 9,column 1] : $password_conn is not a valid reference.
Tue Oct 19 14:56:08 CEST 2010   [warn] org.apache.velocity.runtime.exception.ReferenceException: reference : template = /C:/Program Files (x86)/Adobe/Flex Builder 3/plugins/com.adobe.flexbuilder.dbwizard_3.0.214193/templates/php_rest/php/conn.php.vm [line 10,column 1] : $conn is not a valid reference.
Tue Oct 19 14:56:08 CEST 2010   [warn] org.apache.velocity.runtime.exception.ReferenceException: reference : template = /C:/Program Files (x86)/Adobe/Flex Builder 3/plugins/com.adobe.flexbuilder.dbwizard_3.0.214193/templates/php_rest/php/conn.php.vm [line 10,column 24] : $hostname_conn is not a valid reference.
Tue Oct 19 14:56:08 CEST 2010   [warn] org.apache.velocity.runtime.exception.ReferenceException: reference : template = /C:/Program Files (x86)/Adobe/Flex Builder 3/plugins/com.adobe.flexbuilder.dbwizard_3.0.214193/templates/php_rest/php/conn.php.vm [line 10,column 40] : $username_conn is not a valid reference.
Tue Oct 19 14:56:08 CEST 2010   [warn] org.apache.velocity.runtime.exception.ReferenceException: reference : template = /C:/Program Files (x86)/Adobe/Flex Builder 3/plugins/com.adobe.flexbuilder.dbwizard_3.0.214193/templates/php_rest/php/conn.php.vm [line 10,column 56] : $password_conn is not a valid reference.
Tue Oct 19 14:56:08 CEST 2010   [warn] org.apache.velocity.runtime.exception.ReferenceException: reference : template = /C:/Program Files (x86)/Adobe/Flex Builder 3/plugins/com.adobe.flexbuilder.dbwizard_3.0.214193/templates/php_rest/php/conn.php.vm [line 11,column 17] : $database_conn is not a valid reference.
Tue Oct 19 14:56:08 CEST 2010   [warn] org.apache.velocity.runtime.exception.ReferenceException: reference : template = /C:/Program Files (x86)/Adobe/Flex Builder 3/plugins/com.adobe.flexbuilder.dbwizard_3.0.214193/templates/php_rest/php/conn.php.vm [line 11,column 33] : $conn is not a valid reference.
Tue Oct 19 14:56:08 CEST 2010   [info] ResourceManager : found /C:/Program Files (x86)/Adobe/Flex Builder 3/plugins/com.adobe.flexbuilder.dbwizard_3.0.214193/templates/php_rest/php/XmlSerializer.class.php.vm with loader com.adobe.flexbuilder.tengine.AbsoluteFileResourceLoader
Tue Oct 19 14:56:08 CEST 2010   [warn] org.apache.velocity.runtime.exception.ReferenceException: reference : template = /C:/Program Files (x86)/Adobe/Flex Builder 3/plugins/com.adobe.flexbuilder.dbwizard_3.0.214193/templates/php_rest/php/XmlSerializer.class.php.vm [line 15,column 17] : $this- is not a valid reference.
Tue Oct 19 14:56:08 CEST 2010   [warn] org.apache.velocity.runtime.exception.ReferenceException: reference : template = /C:/Program Files (x86)/Adobe/Flex Builder 3/plugins/com.adobe.flexbuilder.dbwizard_3.0.214193/templates/php_rest/php/XmlSerializer.class.php.vm [line 22,column 17] : $deps is not a valid reference.
Tue Oct 19 14:56:08 CEST 2010   [warn] org.apache.velocity.runtime.exception.ReferenceException: reference : template = /C:/Program Files (x86)/Adobe/Flex Builder 3/plugins/com.adobe.flexbuilder.dbwizard_3.0.214193/templates/php_rest/php/XmlSerializer.class.php.vm [line 34,column 26] : $deps is not a valid reference.
Tue Oct 19 14:56:08 CEST 2010   [warn] org.apache.velocity.runtime.exception.ReferenceException: reference : template = /C:/Program Files (x86)/Adobe/Flex Builder 3/plugins/com.adobe.flexbuilder.dbwizard_3.0.214193/templates/php_rest/php/XmlSerializer.class.php.vm [line 34,column 35] : $k is not a valid reference.
Tue Oct 19 14:56:08 CEST 2010   [warn] org.apache.velocity.runtime.exception.ReferenceException: reference : template = /C:/Program Files (x86)/Adobe/Flex Builder 3/plugins/com.adobe.flexbuilder.dbwizard_3.0.214193/templates/php_rest/php/XmlSerializer.class.php.vm [line 34,column 41] : $v is not a valid reference.
Tue Oct 19 14:56:08 CEST 2010   [warn] org.apache.velocity.runtime.exception.ReferenceException: reference : template = /C:/Program Files (x86)/Adobe/Flex Builder 3/plugins/com.adobe.flexbuilder.dbwizard_3.0.214193/templates/php_rest/php/XmlSerializer.class.php.vm [line 35,column 43] : $k is not a valid reference.
Tue Oct 19 14:56:08 CEST 2010   [warn] org.apache.velocity.runtime.exception.ReferenceException: reference : template = /C:/Program Files (x86)/Adobe/Flex Builder 3/plugins/com.adobe.flexbuilder.dbwizard_3.0.214193/templates/php_rest/php/XmlSerializer.class.php.vm [line 36,column 56] : $v is not a valid reference.
Tue Oct 19 14:56:08 CEST 2010   [warn] org.apache.velocity.runtime.exception.ReferenceException: reference : template = /C:/Program Files (x86)/Adobe/Flex Builder 3/plugins/com.adobe.flexbuilder.dbwizard_3.0.214193/templates/php_rest/php/XmlSerializer.class.php.vm [line 41,column 30] : $obj is not a valid reference.
Tue Oct 19 14:56:08 CEST 2010   [warn] org.apache.velocity.runtime.exception.ReferenceException: reference : template = /C:/Program Files (x86)/Adobe/Flex Builder 3/plugins/com.adobe.flexbuilder.dbwizard_3.0.214193/templates/php_rest/php/XmlSerializer.class.php.vm [line 42,column 17] : $serializer_options is not a valid reference.
Tue Oct 19 14:56:08 CEST 2010   [warn] org.apache.velocity.runtime.exception.ReferenceException: reference : template = /C:/Program Files (x86)/Adobe/Flex Builder 3/plugins/com.adobe.flexbuilder.dbwizard_3.0.214193/templates/php_rest/php/XmlSerializer.class.php.vm [line 49,column 17] : $serializer is not a valid reference.
Tue Oct 19 14:56:08 CEST 2010   [warn] org.apache.velocity.runtime.exception.ReferenceException: reference : template = /C:/Program Files (x86)/Adobe/Flex Builder 3/plugins/com.adobe.flexbuilder.dbwizard_3.0.214193/templates/php_rest/php/XmlSerializer.class.php.vm [line 49,column 51] : $serializer_options is not a valid reference.
Tue Oct 19 14:56:08 CEST 2010   [warn] org.apache.velocity.runtime.exception.ReferenceException: reference : template = /C:/Program Files (x86)/Adobe/Flex Builder 3/plugins/com.adobe.flexbuilder.dbwizard_3.0.214193/templates/php_rest/php/XmlSerializer.class.php.vm [line 52,column 17] : $status is not a valid reference.
Tue Oct 19 14:56:08 CEST 2010   [warn] org.apache.velocity.runtime.exception.ReferenceException: reference : template = /C:/Program Files (x86)/Adobe/Flex Builder 3/plugins/com.adobe.flexbuilder.dbwizard_3.0.214193/templates/php_rest/php/XmlSerializer.class.php.vm [line 52,column 27] : $serializer- is not a valid reference.
Tue Oct 19 14:56:08 CEST 2010   [warn] org.apache.velocity.runtime.exception.ReferenceException: reference : template = /C:/Program Files (x86)/Adobe/Flex Builder 3/plugins/com.adobe.flexbuilder.dbwizard_3.0.214193/templates/php_rest/php/XmlSerializer.class.php.vm [line 52,column 50] : $obj is not a valid reference.
Tue Oct 19 14:56:08 CEST 2010   [warn] org.apache.velocity.runtime.exception.ReferenceException: reference : template = /C:/Program Files (x86)/Adobe/Flex Builder 3/plugins/com.adobe.flexbuilder.dbwizard_3.0.214193/templates/php_rest/php/XmlSerializer.class.php.vm [line 55,column 35] : $status is not a valid reference.
Tue Oct 19 14:56:08 CEST 2010   [warn] org.apache.velocity.runtime.exception.ReferenceException: reference : template = /C:/Program Files (x86)/Adobe/Flex Builder 3/plugins/com.adobe.flexbuilder.dbwizard_3.0.214193/templates/php_rest/php/XmlSerializer.class.php.vm [line 56,column 24] : $status- is not a valid reference.
Tue Oct 19 14:56:08 CEST 2010   [warn] org.apache.velocity.runtime.exception.ReferenceException: reference : template = /C:/Program Files (x86)/Adobe/Flex Builder 3/plugins/com.adobe.flexbuilder.dbwizard_3.0.214193/templates/php_rest/php/XmlSerializer.class.php.vm [line 60,column 22] : $serializer- is not a valid reference.
Tue Oct 19 14:56:08 CEST 2010   [info] ResourceManager : found /C:/Program Files (x86)/Adobe/Flex Builder 3/plugins/com.adobe.flexbuilder.dbwizard_3.0.214193/templates/php_rest/php/functions.inc.php.vm with loader com.adobe.flexbuilder.tengine.AbsoluteFileResourceLoader
Tue Oct 19 14:56:08 CEST 2010   [warn] org.apache.velocity.runtime.exception.ReferenceException: reference : template = /C:/Program Files (x86)/Adobe/Flex Builder 3/plugins/com.adobe.flexbuilder.dbwizard_3.0.214193/templates/php_rest/php/functions.inc.php.vm [line 5,column 28] : $theValue is not a valid reference.
Tue Oct 19 14:56:08 CEST 2010   [warn] org.apache.velocity.runtime.exception.ReferenceException: reference : template = /C:/Program Files (x86)/Adobe/Flex Builder 3/plugins/com.adobe.flexbuilder.dbwizard_3.0.214193/templates/php_rest/php/functions.inc.php.vm [line 5,column 39] : $theType is not a valid reference.
Tue Oct 19 14:56:08 CEST 2010   [warn] org.apache.velocity.runtime.exception.ReferenceException: reference : template = /C:/Program Files (x86)/Adobe/Flex Builder 3/plugins/com.adobe.flexbuilder.dbwizard_3.0.214193/templates/php_rest/php/functions.inc.php.vm [line 5,column 49] : $theDefinedValue is not a valid reference.
Tue Oct 19 14:56:08 CEST 2010   [warn] org.apache.velocity.runtime.exception.ReferenceException: reference : template = /C:/Program Files (x86)/Adobe/Flex Builder 3/plugins/com.adobe.flexbuilder.dbwizard_3.0.214193/templates/php_rest/php/functions.inc.php.vm [line 5,column 72] : $theNotDefinedValue is not a valid reference.
Tue Oct 19 14:56:08 CEST 2010   [warn] org.apache.velocity.runtime.exception.ReferenceException: reference : template = /C:/Program Files (x86)/Adobe/Flex Builder 3/plugins/com.adobe.flexbuilder.dbwizard_3.0.214193/templates/php_rest/php/functions.inc.php.vm [line 7,column 3] : $theValue is not a valid reference.
Tue Oct 19 14:56:08 CEST 2010   [warn] org.apache.velocity.runtime.exception.ReferenceException: reference : template = /C:/Program Files (x86)/Adobe/Flex Builder 3/plugins/com.adobe.flexbuilder.dbwizard_3.0.214193/templates/php_rest/php/functions.inc.php.vm [line 7,column 53] : $theValue is not a valid reference.
Tue Oct 19 14:56:08 CEST 2010   [warn] org.apache.velocity.runtime.exception.ReferenceException: reference : template = /C:/Program Files (x86)/Adobe/Flex Builder 3/plugins/com.adobe.flexbuilder.dbwizard_3.0.214193/templates/php_rest/php/functions.inc.php.vm [line 7,column 66] : $theValue is not a valid reference.
Tue Oct 19 14:56:08 CEST 2010   [warn] org.apache.velocity.runtime.exception.ReferenceException: reference : template = /C:/Program Files (x86)/Adobe/Flex Builder 3/plugins/com.adobe.flexbuilder.dbwizard_3.0.214193/templates/php_rest/php/functions.inc.php.vm [line 9,column 3] : $theValue is not a valid reference.
Tue Oct 19 14:56:08 CEST 2010   [warn] org.apache.velocity.runtime.exception.ReferenceException: reference : template = /C:/Program Files (x86)/Adobe/Flex Builder 3/plugins/com.adobe.flexbuilder.dbwizard_3.0.214193/templates/php_rest/php/functions.inc.php.vm [line 9,column 86] : $theValue is not a valid reference.
Tue Oct 19 14:56:08 CEST 2010   [warn] org.apache.velocity.runtime.exception.ReferenceException: reference : template = /C:/Program Files (x86)/Adobe/Flex Builder 3/plugins/com.adobe.flexbuilder.dbwizard_3.0.214193/templates/php_rest/php/functions.inc.php.vm [line 9,column 119] : $theValue is not a valid reference.
Tue Oct 19 14:56:08 CEST 2010   [warn] org.apache.velocity.runtime.exception.ReferenceException: reference : template = /C:/Program Files (x86)/Adobe/Flex Builder 3/plugins/com.adobe.flexbuilder.dbwizard_3.0.214193/templates/php_rest/php/functions.inc.php.vm [line 11,column 11] : $theType is not a valid reference.
Tue Oct 19 14:56:08 CEST 2010   [warn] org.apache.velocity.runtime.exception.ReferenceException: reference : template = /C:/Program Files (x86)/Adobe/Flex Builder 3/plugins/com.adobe.flexbuilder.dbwizard_3.0.214193/templates/php_rest/php/functions.inc.php.vm [line 13,column 7] : $theValue is not a valid reference.
Tue Oct 19 14:56:08 CEST 2010   [warn] org.apache.velocity.runtime.exception.ReferenceException: reference : template = /C:/Program Files (x86)/Adobe/Flex Builder 3/plugins/com.adobe.flexbuilder.dbwizard_3.0.214193/templates/php_rest/php/functions.inc.php.vm [line 13,column 20] : $theValue is not a valid reference.
Tue Oct 19 14:56:08 CEST 2010   [warn] org.apache.velocity.runtime.exception.ReferenceException: reference : template = /C:/Program Files (x86)/Adobe/Flex Builder 3/plugins/com.adobe.flexbuilder.dbwizard_3.0.214193/templates/php_rest/php/functions.inc.php.vm [line 13,column 45] : $theValue is not a valid reference.
Tue Oct 19 14:56:08 CEST 2010   [warn] org.apache.velocity.runtime.exception.ReferenceException: reference : template = /C:/Program Files (x86)/Adobe/Flex Builder 3/plugins/com.adobe.flexbuilder.dbwizard_3.0.214193/templates/php_rest/php/functions.inc.php.vm [line 17,column 7] : $theValue is not a valid reference.
Tue Oct 19 14:56:08 CEST 2010   [warn] org.apache.velocity.runtime.exception.ReferenceException: reference : template = /C:/Program Files (x86)/Adobe/Flex Builder 3/plugins/com.adobe.flexbuilder.dbwizard_3.0.214193/templates/php_rest/php/functions.inc.php.vm [line 17,column 20] : $theValue is not a valid reference.
Tue Oct 19 14:56:08 CEST 2010   [warn] org.apache.velocity.runtime.exception.ReferenceException: reference : template = /C:/Program Files (x86)/Adobe/Flex Builder 3/plugins/com.adobe.flexbuilder.dbwizard_3.0.214193/templates/php_rest/php/functions.inc.php.vm [line 17,column 46] : $theValue is not a valid reference.
Tue Oct 19 14:56:08 CEST 2010   [warn] org.apache.velocity.runtime.exception.ReferenceException: reference : template = /C:/Program Files (x86)/Adobe/Flex Builder 3/plugins/com.adobe.flexbuilder.dbwizard_3.0.214193/templates/php_rest/php/functions.inc.php.vm [line 20,column 7] : $theValue is not a valid reference.
Tue Oct 19 14:56:08 CEST 2010   [warn] org.apache.velocity.runtime.exception.ReferenceException: reference : template = /C:/Program Files (x86)/Adobe/Flex Builder 3/plugins/com.adobe.flexbuilder.dbwizard_3.0.214193/templates/php_rest/php/functions.inc.php.vm [line 20,column 20] : $theValue is not a valid reference.
Tue Oct 19 14:56:08 CEST 2010   [warn] org.apache.velocity.runtime.exception.ReferenceException: reference : template = /C:/Program Files (x86)/Adobe/Flex Builder 3/plugins/com.adobe.flexbuilder.dbwizard_3.0.214193/templates/php_rest/php/functions.inc.php.vm [line 20,column 55] : $theValue is not a valid reference.
Tue Oct 19 14:56:08 CEST 2010   [warn] org.apache.velocity.runtime.exception.ReferenceException: reference : template = /C:/Program Files (x86)/Adobe/Flex Builder 3/plugins/com.adobe.flexbuilder.dbwizard_3.0.214193/templates/php_rest/php/functions.inc.php.vm [line 23,column 7] : $theValue is not a valid reference.
Tue Oct 19 14:56:08 CEST 2010   [warn] org.apache.velocity.runtime.exception.ReferenceException: reference : template = /C:/Program Files (x86)/Adobe/Flex Builder 3/plugins/com.adobe.flexbuilder.dbwizard_3.0.214193/templates/php_rest/php/functions.inc.php.vm [line 23,column 20] : $theValue is not a valid reference.
Tue Oct 19 14:56:08 CEST 2010   [warn] org.apache.velocity.runtime.exception.ReferenceException: reference : template = /C:/Program Files (x86)/Adobe/Flex Builder 3/plugins/com.adobe.flexbuilder.dbwizard_3.0.214193/templates/php_rest/php/functions.inc.php.vm [line 23,column 45] : $theValue is not a valid reference.
Tue Oct 19 14:56:08 CEST 2010   [warn] org.apache.velocity.runtime.exception.ReferenceException: reference : template = /C:/Program Files (x86)/Adobe/Flex Builder 3/plugins/com.adobe.flexbuilder.dbwizard_3.0.214193/templates/php_rest/php/functions.inc.php.vm [line 26,column 7] : $theValue is not a valid reference.
Tue Oct 19 14:56:08 CEST 2010   [warn] org.apache.velocity.runtime.exception.ReferenceException: reference : template = /C:/Program Files (x86)/Adobe/Flex Builder 3/plugins/com.adobe.flexbuilder.dbwizard_3.0.214193/templates/php_rest/php/functions.inc.php.vm [line 26,column 20] : $theValue is not a valid reference.
Tue Oct 19 14:56:08 CEST 2010   [warn] org.apache.velocity.runtime.exception.ReferenceException: reference : template = /C:/Program Files (x86)/Adobe/Flex Builder 3/plugins/com.adobe.flexbuilder.dbwizard_3.0.214193/templates/php_rest/php/functions.inc.php.vm [line 26,column 39] : $theDefinedValue is not a valid reference.
Tue Oct 19 14:56:08 CEST 2010   [warn] org.apache.velocity.runtime.exception.ReferenceException: reference : template = /C:/Program Files (x86)/Adobe/Flex Builder 3/plugins/com.adobe.flexbuilder.dbwizard_3.0.214193/templates/php_rest/php/functions.inc.php.vm [line 26,column 58] : $theNotDefinedValue is not a valid reference.
Tue Oct 19 14:56:08 CEST 2010   [warn] org.apache.velocity.runtime.exception.ReferenceException: reference : template = /C:/Program Files (x86)/Adobe/Flex Builder 3/plugins/com.adobe.flexbuilder.dbwizard_3.0.214193/templates/php_rest/php/functions.inc.php.vm [line 29,column 10] : $theValue is not a valid reference.
Tue Oct 19 14:56:08 CEST 2010   [warn] org.apache.velocity.runtime.exception.ReferenceException: reference : template = /C:/Program Files (x86)/Adobe/Flex Builder 3/plugins/com.adobe.flexbuilder.dbwizard_3.0.214193/templates/php_rest/php/functions.inc.php.vm [line 32,column 37] : $theValue is not a valid reference.
Tue Oct 19 14:56:08 CEST 2010   [warn] org.apache.velocity.runtime.exception.ReferenceException: reference : template = /C:/Program Files (x86)/Adobe/Flex Builder 3/plugins/com.adobe.flexbuilder.dbwizard_3.0.214193/templates/php_rest/php/functions.inc.php.vm [line 32,column 48] : $theType is not a valid reference.
Tue Oct 19 14:56:08 CEST 2010   [warn] org.apache.velocity.runtime.exception.ReferenceException: reference : template = /C:/Program Files (x86)/Adobe/Flex Builder 3/plugins/com.adobe.flexbuilder.dbwizard_3.0.214193/templates/php_rest/php/functions.inc.php.vm [line 32,column 58] : $theDefinedValue is not a valid reference.
Tue Oct 19 14:56:08 CEST 2010   [warn] org.apache.velocity.runtime.exception.ReferenceException: reference : template = /C:/Program Files (x86)/Adobe/Flex Builder 3/plugins/com.adobe.flexbuilder.dbwizard_3.0.214193/templates/php_rest/php/functions.inc.php.vm [line 32,column 81] : $theNotDefinedValue is not a valid reference.
Tue Oct 19 14:56:08 CEST 2010   [warn] org.apache.velocity.runtime.exception.ReferenceException: reference : template = /C:/Program Files (x86)/Adobe/Flex Builder 3/plugins/com.adobe.flexbuilder.dbwizard_3.0.214193/templates/php_rest/php/functions.inc.php.vm [line 34,column 3] : $theValue is not a valid reference.
Tue Oct 19 14:56:08 CEST 2010   [warn] org.apache.velocity.runtime.exception.ReferenceException: reference : template = /C:/Program Files (x86)/Adobe/Flex Builder 3/plugins/com.adobe.flexbuilder.dbwizard_3.0.214193/templates/php_rest/php/functions.inc.php.vm [line 34,column 53] : $theValue is not a valid reference.
Tue Oct 19 14:56:08 CEST 2010   [warn] org.apache.velocity.runtime.exception.ReferenceException: reference : template = /C:/Program Files (x86)/Adobe/Flex Builder 3/plugins/com.adobe.flexbuilder.dbwizard_3.0.214193/templates/php_rest/php/functions.inc.php.vm [line 34,column 66] : $theValue is not a valid reference.
Tue Oct 19 14:56:08 CEST 2010   [warn] org.apache.velocity.runtime.exception.ReferenceException: reference : template = /C:/Program Files (x86)/Adobe/Flex Builder 3/plugins/com.adobe.flexbuilder.dbwizard_3.0.214193/templates/php_rest/php/functions.inc.php.vm [line 36,column 3] : $theValue is not a valid reference.
Tue Oct 19 14:56:08 CEST 2010   [warn] org.apache.velocity.runtime.exception.ReferenceException: reference : template = /C:/Program Files (x86)/Adobe/Flex Builder 3/plugins/com.adobe.flexbuilder.dbwizard_3.0.214193/templates/php_rest/php/functions.inc.php.vm [line 36,column 86] : $theValue is not a valid reference.
Tue Oct 19 14:56:08 CEST 2010   [warn] org.apache.velocity.runtime.exception.ReferenceException: reference : template = /C:/Program Files (x86)/Adobe/Flex Builder 3/plugins/com.adobe.flexbuilder.dbwizard_3.0.214193/templates/php_rest/php/functions.inc.php.vm [line 36,column 119] : $theValue is not a valid reference.
Tue Oct 19 14:56:08 CEST 2010   [warn] org.apache.velocity.runtime.exception.ReferenceException: reference : template = /C:/Program Files (x86)/Adobe/Flex Builder 3/plugins/com.adobe.flexbuilder.dbwizard_3.0.214193/templates/php_rest/php/functions.inc.php.vm [line 38,column 11] : $theType is not a valid reference.
Tue Oct 19 14:56:08 CEST 2010   [warn] org.apache.velocity.runtime.exception.ReferenceException: reference : template = /C:/Program Files (x86)/Adobe/Flex Builder 3/plugins/com.adobe.flexbuilder.dbwizard_3.0.214193/templates/php_rest/php/functions.inc.php.vm [line 40,column 7] : $theValue is not a valid reference.
Tue Oct 19 14:56:08 CEST 2010   [warn] org.apache.velocity.runtime.exception.ReferenceException: reference : template = /C:/Program Files (x86)/Adobe/Flex Builder 3/plugins/com.adobe.flexbuilder.dbwizard_3.0.214193/templates/php_rest/php/functions.inc.php.vm [line 40,column 20] : $theValue is not a valid reference.
Tue Oct 19 14:56:08 CEST 2010   [warn] org.apache.velocity.runtime.exception.ReferenceException: reference : template = /C:/Program Files (x86)/Adobe/Flex Builder 3/plugins/com.adobe.flexbuilder.dbwizard_3.0.214193/templates/php_rest/php/functions.inc.php.vm [line 40,column 46] : $theValue is not a valid reference.
Tue Oct 19 14:56:08 CEST 2010   [warn] org.apache.velocity.runtime.exception.ReferenceException: reference : template = /C:/Program Files (x86)/Adobe/Flex Builder 3/plugins/com.adobe.flexbuilder.dbwizard_3.0.214193/templates/php_rest/php/functions.inc.php.vm [line 44,column 7] : $theValue is not a valid reference.
Tue Oct 19 14:56:08 CEST 2010   [warn] org.apache.velocity.runtime.exception.ReferenceException: reference : template = /C:/Program Files (x86)/Adobe/Flex Builder 3/plugins/com.adobe.flexbuilder.dbwizard_3.0.214193/templates/php_rest/php/functions.inc.php.vm [line 44,column 20] : $theValue is not a valid reference.
Tue Oct 19 14:56:08 CEST 2010   [warn] org.apache.velocity.runtime.exception.ReferenceException: reference : template = /C:/Program Files (x86)/Adobe/Flex Builder 3/plugins/com.adobe.flexbuilder.dbwizard_3.0.214193/templates/php_rest/php/functions.inc.php.vm [line 44,column 46] : $theValue is not a valid reference.
Tue Oct 19 14:56:08 CEST 2010   [warn] org.apache.velocity.runtime.exception.ReferenceException: reference : template = /C:/Program Files (x86)/Adobe/Flex Builder 3/plugins/com.adobe.flexbuilder.dbwizard_3.0.214193/templates/php_rest/php/functions.inc.php.vm [line 47,column 7] : $theValue is not a valid reference.
Tue Oct 19 14:56:08 CEST 2010   [warn] org.apache.velocity.runtime.exception.ReferenceException: reference : template = /C:/Program Files (x86)/Adobe/Flex Builder 3/plugins/com.adobe.flexbuilder.dbwizard_3.0.214193/templates/php_rest/php/functions.inc.php.vm [line 47,column 20] : $theValue is not a valid reference.
Tue Oct 19 14:56:08 CEST 2010   [warn] org.apache.velocity.runtime.exception.ReferenceException: reference : template = /C:/Program Files (x86)/Adobe/Flex Builder 3/plugins/com.adobe.flexbuilder.dbwizard_3.0.214193/templates/php_rest/php/functions.inc.php.vm [line 47,column 55] : $theValue is not a valid reference.
Tue Oct 19 14:56:08 CEST 2010   [warn] org.apache.velocity.runtime.exception.ReferenceException: reference : template = /C:/Program Files (x86)/Adobe/Flex Builder 3/plugins/com.adobe.flexbuilder.dbwizard_3.0.214193/templates/php_rest/php/functions.inc.php.vm [line 50,column 7] : $theValue is not a valid reference.
Tue Oct 19 14:56:08 CEST 2010   [warn] org.apache.velocity.runtime.exception.ReferenceException: reference : template = /C:/Program Files (x86)/Adobe/Flex Builder 3/plugins/com.adobe.flexbuilder.dbwizard_3.0.214193/templates/php_rest/php/functions.inc.php.vm [line 50,column 20] : $theValue is not a valid reference.
Tue Oct 19 14:56:08 CEST 2010   [warn] org.apache.velocity.runtime.exception.ReferenceException: reference : template = /C:/Program Files (x86)/Adobe/Flex Builder 3/plugins/com.adobe.flexbuilder.dbwizard_3.0.214193/templates/php_rest/php/functions.inc.php.vm [line 50,column 45] : $theValue is not a valid reference.
Tue Oct 19 14:56:08 CEST 2010   [warn] org.apache.velocity.runtime.exception.ReferenceException: reference : template = /C:/Program Files (x86)/Adobe/Flex Builder 3/plugins/com.adobe.flexbuilder.dbwizard_3.0.214193/templates/php_rest/php/functions.inc.php.vm [line 53,column 7] : $theValue is not a valid reference.
Tue Oct 19 14:56:08 CEST 2010   [warn] org.apache.velocity.runtime.exception.ReferenceException: reference : template = /C:/Program Files (x86)/Adobe/Flex Builder 3/plugins/com.adobe.flexbuilder.dbwizard_3.0.214193/templates/php_rest/php/functions.inc.php.vm [line 53,column 20] : $theValue is not a valid reference.
Tue Oct 19 14:56:08 CEST 2010   [warn] org.apache.velocity.runtime.exception.ReferenceException: reference : template = /C:/Program Files (x86)/Adobe/Flex Builder 3/plugins/com.adobe.flexbuilder.dbwizard_3.0.214193/templates/php_rest/php/functions.inc.php.vm [line 53,column 39] : $theDefinedValue is not a valid reference.
Tue Oct 19 14:56:08 CEST 2010   [warn] org.apache.velocity.runtime.exception.ReferenceException: reference : template = /C:/Program Files (x86)/Adobe/Flex Builder 3/plugins/com.adobe.flexbuilder.dbwizard_3.0.214193/templates/php_rest/php/functions.inc.php.vm [line 53,column 58] : $theNotDefinedValue is not a valid reference.
Tue Oct 19 14:56:08 CEST 2010   [warn] org.apache.velocity.runtime.exception.ReferenceException: reference : template = /C:/Program Files (x86)/Adobe/Flex Builder 3/plugins/com.adobe.flexbuilder.dbwizard_3.0.214193/templates/php_rest/php/functions.inc.php.vm [line 56,column 10] : $theValue is not a valid reference.
Tue Oct 19 14:56:08 CEST 2010   [info] Velocimacro : added new VM : #listCols( columnList sep ) : source = /C:/Program Files (x86)/Adobe/Flex Builder 3/plugins/com.adobe.flexbuilder.dbwizard_3.0.214193/templates/php_rest/php/table.php.vm
Tue Oct 19 14:56:08 CEST 2010   [info] Velocimacro : added new VM : #listColsNoPK( argModel part sep ) : source = /C:/Program Files (x86)/Adobe/Flex Builder 3/plugins/com.adobe.flexbuilder.dbwizard_3.0.214193/templates/php_rest/php/table.php.vm
Tue Oct 19 14:56:08 CEST 2010   [info] Velocimacro : added new VM : #listColsNoPKI( argModel part sep ) : source = /C:/Program Files (x86)/Adobe/Flex Builder 3/plugins/com.adobe.flexbuilder.dbwizard_3.0.214193/templates/php_rest/php/table.php.vm
Tue Oct 19 14:56:08 CEST 2010   [info] Velocimacro : added new VM : #walkColsNoPKI( argModel part sep ) : source = /C:/Program Files (x86)/Adobe/Flex Builder 3/plugins/com.adobe.flexbuilder.dbwizard_3.0.214193/templates/php_rest/php/table.php.vm
Tue Oct 19 14:56:08 CEST 2010   [info] ResourceManager : found /C:/Program Files (x86)/Adobe/Flex Builder 3/plugins/com.adobe.flexbuilder.dbwizard_3.0.214193/templates/php_rest/php/table.php.vm with loader com.adobe.flexbuilder.tengine.AbsoluteFileResourceLoader
Tue Oct 19 14:56:08 CEST 2010   [warn] org.apache.velocity.runtime.exception.ReferenceException: reference : template = /C:/Program Files (x86)/Adobe/Flex Builder 3/plugins/com.adobe.flexbuilder.dbwizard_3.0.214193/templates/php_rest/php/table.php.vm [line 39,column 4] : $arr is not a valid reference.
Tue Oct 19 14:56:08 CEST 2010   [warn] org.apache.velocity.runtime.exception.ReferenceException: reference : template = /C:/Program Files (x86)/Adobe/Flex Builder 3/plugins/com.adobe.flexbuilder.dbwizard_3.0.214193/templates/php_rest/php/table.php.vm [line 80,column 1] : $filter_field is not a valid reference.
Tue Oct 19 14:56:08 CEST 2010   [warn] org.apache.velocity.runtime.exception.ReferenceException: reference : template = /C:/Program Files (x86)/Adobe/Flex Builder 3/plugins/com.adobe.flexbuilder.dbwizard_3.0.214193/templates/php_rest/php/table.php.vm [line 86,column 1] : $filter_type is not a valid reference.
Tue Oct 19 14:56:08 CEST 2010   [warn] org.apache.velocity.runtime.exception.ReferenceException: reference : template = /C:/Program Files (x86)/Adobe/Flex Builder 3/plugins/com.adobe.flexbuilder.dbwizard_3.0.214193/templates/php_rest/php/table.php.vm [line 91,column 4] : $_REQUEST is not a valid reference.
Tue Oct 19 14:56:08 CEST 2010   [warn] org.apache.velocity.runtime.exception.ReferenceException: reference : template = /C:/Program Files (x86)/Adobe/Flex Builder 3/plugins/com.adobe.flexbuilder.dbwizard_3.0.214193/templates/php_rest/php/table.php.vm [line 91,column 88] : $fields is not a valid reference.
Tue Oct 19 14:56:08 CEST 2010   [warn] org.apache.velocity.runtime.exception.ReferenceException: reference : template = /C:/Program Files (x86)/Adobe/Flex Builder 3/plugins/com.adobe.flexbuilder.dbwizard_3.0.214193/templates/php_rest/php/table.php.vm [line 92,column 4] : $_REQUEST is not a valid reference.
Tue Oct 19 14:56:08 CEST 2010   [warn] org.apache.velocity.runtime.exception.ReferenceException: reference : template = /C:/Program Files (x86)/Adobe/Flex Builder 3/plugins/com.adobe.flexbuilder.dbwizard_3.0.214193/templates/php_rest/php/table.php.vm [line 93,column 4] : $_REQUEST is not a valid reference.
Tue Oct 19 14:56:08 CEST 2010   [warn] org.apache.velocity.runtime.exception.ReferenceException: reference : template = /C:/Program Files (x86)/Adobe/Flex Builder 3/plugins/com.adobe.flexbuilder.dbwizard_3.0.214193/templates/php_rest/php/table.php.vm [line 94,column 4] : $_REQUEST is not a valid reference.
Tue Oct 19 14:56:08 CEST 2010   [warn] org.apache.velocity.runtime.exception.ReferenceException: reference : template = /C:/Program Files (x86)/Adobe/Flex Builder 3/plugins/com.adobe.flexbuilder.dbwizard_3.0.214193/templates/php_rest/php/table.php.vm [line 95,column 4] : $_REQUEST is not a valid reference.
Tue Oct 19 14:56:08 CEST 2010   [warn] org.apache.velocity.runtime.exception.ReferenceException: reference : template = /C:/Program Files (x86)/Adobe/Flex Builder 3/plugins/com.adobe.flexbuilder.dbwizard_3.0.214193/templates/php_rest/php/table.php.vm [line 110,column 16] : $conn is not a valid reference.
Tue Oct 19 14:56:08 CEST 2010   [warn] org.apache.velocity.runtime.exception.ReferenceException: reference : template = /C:/Program Files (x86)/Adobe/Flex Builder 3/plugins/com.adobe.flexbuilder.dbwizard_3.0.214193/templates/php_rest/php/table.php.vm [line 110,column 23] : $filter_field is not a valid reference.
Tue Oct 19 14:56:08 CEST 2010   [warn] org.apache.velocity.runtime.exception.ReferenceException: reference : template = /C:/Program Files (x86)/Adobe/Flex Builder 3/plugins/com.adobe.flexbuilder.dbwizard_3.0.214193/templates/php_rest/php/table.php.vm [line 110,column 38] : $filter_type is not a valid reference.
Tue Oct 19 14:56:08 CEST 2010   [warn] org.apache.velocity.runtime.exception.ReferenceException: reference : template = /C:/Program Files (x86)/Adobe/Flex Builder 3/plugins/com.adobe.flexbuilder.dbwizard_3.0.214193/templates/php_rest/php/table.php.vm [line 115,column 9] : $fields is not a valid reference.
Tue Oct 19 14:56:08 CEST 2010   [warn] org.apache.velocity.runtime.exception.ReferenceException: reference : template = /C:/Program Files (x86)/Adobe/Flex Builder 3/plugins/com.adobe.flexbuilder.dbwizard_3.0.214193/templates/php_rest/php/table.php.vm [line 117,column 9] : $where is not a valid reference.
Tue Oct 19 14:56:08 CEST 2010   [warn] org.apache.velocity.runtime.exception.ReferenceException: reference : template = /C:/Program Files (x86)/Adobe/Flex Builder 3/plugins/com.adobe.flexbuilder.dbwizard_3.0.214193/templates/php_rest/php/table.php.vm [line 118,column 14] : $_REQUEST is not a valid reference.
Tue Oct 19 14:56:08 CEST 2010   [warn] org.apache.velocity.runtime.exception.ReferenceException: reference : template = /C:/Program Files (x86)/Adobe/Flex Builder 3/plugins/com.adobe.flexbuilder.dbwizard_3.0.214193/templates/php_rest/php/table.php.vm [line 119,column 17] : $where is not a valid reference.
Tue Oct 19 14:56:08 CEST 2010   [warn] org.apache.velocity.runtime.exception.ReferenceException: reference : template = /C:/Program Files (x86)/Adobe/Flex Builder 3/plugins/com.adobe.flexbuilder.dbwizard_3.0.214193/templates/php_rest/php/table.php.vm [line 119,column 37] : $filter_field is not a valid reference.
Tue Oct 19 14:56:08 CEST 2010   [warn] org.apache.velocity.runtime.exception.ReferenceException: reference : template = /C:/Program Files (x86)/Adobe/Flex Builder 3/plugins/com.adobe.flexbuilder.dbwizard_3.0.214193/templates/php_rest/php/table.php.vm [line 119,column 92] : $_REQUEST is not a valid reference.
Tue Oct 19 14:56:08 CEST 2010   [warn] org.apache.velocity.runtime.exception.ReferenceException: reference : template = /C:/Program Files (x86)/Adobe/Flex Builder 3/plugins/com.adobe.flexbuilder.dbwizard_3.0.214193/templates/php_rest/php/table.php.vm [line 119,column 113] : $filter_type is not a valid reference.
Tue Oct 19 14:56:08 CEST 2010   [warn] org.apache.velocity.runtime.exception.ReferenceException: reference : template = /C:/Program Files (x86)/Adobe/Flex Builder 3/plugins/com.adobe.flexbuilder.dbwizard_3.0.214193/templates/php_rest/php/table.php.vm [line 122,column 9] : $order is not a valid reference.
Tue Oct 19 14:56:08 CEST 2010   [warn] org.apache.velocity.runtime.exception.ReferenceException: reference : template = /C:/Program Files (x86)/Adobe/Flex Builder 3/plugins/com.adobe.flexbuilder.dbwizard_3.0.214193/templates/php_rest/php/table.php.vm [line 123,column 14] : $_REQUEST is not a valid reference.
Tue Oct 19 14:56:08 CEST 2010   [warn] org.apache.velocity.runtime.exception.ReferenceException: reference : template = /C:/Program Files (x86)/Adobe/Flex Builder 3/plugins/com.adobe.flexbuilder.dbwizard_3.0.214193/templates/php_rest/php/table.php.vm [line 123,column 57] : $_REQUEST is not a valid reference.
Tue Oct 19 14:56:08 CEST 2010   [warn] org.apache.velocity.runtime.exception.ReferenceException: reference : template = /C:/Program Files (x86)/Adobe/Flex Builder 3/plugins/com.adobe.flexbuilder.dbwizard_3.0.214193/templates/php_rest/php/table.php.vm [line 123,column 82] : $fields is not a valid reference.
Tue Oct 19 14:56:08 CEST 2010   [warn] org.apache.velocity.runtime.exception.ReferenceException: reference : template = /C:/Program Files (x86)/Adobe/Flex Builder 3/plugins/com.adobe.flexbuilder.dbwizard_3.0.214193/templates/php_rest/php/table.php.vm [line 124,column 17] : $order is not a valid reference.
Tue Oct 19 14:56:08 CEST 2010   [warn] org.apache.velocity.runtime.exception.ReferenceException: reference : template = /C:/Program Files (x86)/Adobe/Flex Builder 3/plugins/com.adobe.flexbuilder.dbwizard_3.0.214193/templates/php_rest/php/table.php.vm [line 124,column 41] : $_REQUEST is not a valid reference.
Tue Oct 19 14:56:08 CEST 2010   [warn] org.apache.velocity.runtime.exception.ReferenceException: reference : template = /C:/Program Files (x86)/Adobe/Flex Builder 3/plugins/com.adobe.flexbuilder.dbwizard_3.0.214193/templates/php_rest/php/table.php.vm [line 124,column 84] : $_REQUEST is not a valid reference.
Tue Oct 19 14:56:08 CEST 2010   [warn] org.apache.velocity.runtime.exception.ReferenceException: reference : template = /C:/Program Files (x86)/Adobe/Flex Builder 3/plugins/com.adobe.flexbuilder.dbwizard_3.0.214193/templates/php_rest/php/table.php.vm [line 124,column 138] : $_REQUEST is not a valid reference.
Tue Oct 19 14:56:08 CEST 2010   [warn] org.apache.velocity.runtime.exception.ReferenceException: reference : template = /C:/Program Files (x86)/Adobe/Flex Builder 3/plugins/com.adobe.flexbuilder.dbwizard_3.0.214193/templates/php_rest/php/table.php.vm [line 128,column 9] : $rscount is not a valid reference.
Tue Oct 19 14:56:08 CEST 2010   [warn] org.apache.velocity.runtime.exception.ReferenceException: reference : template = /C:/Program Files (x86)/Adobe/Flex Builder 3/plugins/com.adobe.flexbuilder.dbwizard_3.0.214193/templates/php_rest/php/table.php.vm [line 128,column 82] : $where is not a valid reference.
Tue Oct 19 14:56:08 CEST 2010   [warn] org.apache.velocity.runtime.exception.ReferenceException: reference : template = /C:/Program Files (x86)/Adobe/Flex Builder 3/plugins/com.adobe.flexbuilder.dbwizard_3.0.214193/templates/php_rest/php/table.php.vm [line 129,column 9] : $row_rscount is not a valid reference.
Tue Oct 19 14:56:08 CEST 2010   [warn] org.apache.velocity.runtime.exception.ReferenceException: reference : template = /C:/Program Files (x86)/Adobe/Flex Builder 3/plugins/com.adobe.flexbuilder.dbwizard_3.0.214193/templates/php_rest/php/table.php.vm [line 129,column 42] : $rscount is not a valid reference.
Tue Oct 19 14:56:08 CEST 2010   [warn] org.apache.velocity.runtime.exception.ReferenceException: reference : template = /C:/Program Files (x86)/Adobe/Flex Builder 3/plugins/com.adobe.flexbuilder.dbwizard_3.0.214193/templates/php_rest/php/table.php.vm [line 130,column 9] : $totalrows is not a valid reference.
Tue Oct 19 14:56:08 CEST 2010   [warn] org.apache.velocity.runtime.exception.ReferenceException: reference : template = /C:/Program Files (x86)/Adobe/Flex Builder 3/plugins/com.adobe.flexbuilder.dbwizard_3.0.214193/templates/php_rest/php/table.php.vm [line 130,column 28] : $row_rscount is not a valid reference.
Tue Oct 19 14:56:08 CEST 2010   [warn] org.apache.velocity.runtime.exception.ReferenceException: reference : template = /C:/Program Files (x86)/Adobe/Flex Builder 3/plugins/com.adobe.flexbuilder.dbwizard_3.0.214193/templates/php_rest/php/table.php.vm [line 133,column 9] : $pageNum is not a valid reference.
Tue Oct 19 14:56:08 CEST 2010   [warn] org.apache.velocity.runtime.exception.ReferenceException: reference : template = /C:/Program Files (x86)/Adobe/Flex Builder 3/plugins/com.adobe.flexbuilder.dbwizard_3.0.214193/templates/php_rest/php/table.php.vm [line 133,column 26] : $_REQUEST is not a valid reference.
Tue Oct 19 14:56:08 CEST 2010   [warn] org.apache.velocity.runtime.exception.ReferenceException: reference : template = /C:/Program Files (x86)/Adobe/Flex Builder 3/plugins/com.adobe.flexbuilder.dbwizard_3.0.214193/templates/php_rest/php/table.php.vm [line 134,column 9] : $pageSize is not a valid reference.
Tue Oct 19 14:56:08 CEST 2010   [warn] org.apache.velocity.runtime.exception.ReferenceException: reference : template = /C:/Program Files (x86)/Adobe/Flex Builder 3/plugins/com.adobe.flexbuilder.dbwizard_3.0.214193/templates/php_rest/php/table.php.vm [line 134,column 27] : $_REQUEST is not a valid reference.
Tue Oct 19 14:56:08 CEST 2010   [warn] org.apache.velocity.runtime.exception.ReferenceException: reference : template = /C:/Program Files (x86)/Adobe/Flex Builder 3/plugins/com.adobe.flexbuilder.dbwizard_3.0.214193/templates/php_rest/php/table.php.vm [line 137,column 9] : $start is not a valid reference.
Tue Oct 19 14:56:08 CEST 2010   [warn] org.apache.velocity.runtime.exception.ReferenceException: reference : template = /C:/Program Files (x86)/Adobe/Flex Builder 3/plugins/com.adobe.flexbuilder.dbwizard_3.0.214193/templates/php_rest/php/table.php.vm [line 137,column 18] : $pageNum is not a valid reference.
Tue Oct 19 14:56:08 CEST 2010   [warn] org.apache.velocity.runtime.exception.ReferenceException: reference : template = /C:/Program Files (x86)/Adobe/Flex Builder 3/plugins/com.adobe.flexbuilder.dbwizard_3.0.214193/templates/php_rest/php/table.php.vm [line 137,column 29] : $pageSize is not a valid reference.
Tue Oct 19 14:56:08 CEST 2010   [warn] org.apache.velocity.runtime.exception.ReferenceException: reference : template = /C:/Program Files (x86)/Adobe/Flex Builder 3/plugins/com.adobe.flexbuilder.dbwizard_3.0.214193/templates/php_rest/php/table.php.vm [line 140,column 9] : $query_recordset is not a valid reference.
Tue Oct 19 14:56:08 CEST 2010   [warn] org.apache.velocity.runtime.exception.ReferenceException: reference : template = /C:/Program Files (x86)/Adobe/Flex Builder 3/plugins/com.adobe.flexbuilder.dbwizard_3.0.214193/templates/php_rest/php/table.php.vm [line 140,column 97] : $where is not a valid reference.
Tue Oct 19 14:56:08 CEST 2010   [warn] org.apache.velocity.runtime.exception.ReferenceException: reference : template = /C:/Program Files (x86)/Adobe/Flex Builder 3/plugins/com.adobe.flexbuilder.dbwizard_3.0.214193/templates/php_rest/php/table.php.vm [line 140,column 104] : $order is not a valid reference.
Tue Oct 19 14:56:08 CEST 2010   [warn] org.apache.velocity.runtime.exception.ReferenceException: reference : template = /C:/Program Files (x86)/Adobe/Flex Builder 3/plugins/com.adobe.flexbuilder.dbwizard_3.0.214193/templates/php_rest/php/table.php.vm [line 143,column 13] : $pageNum is not a valid reference.
Tue Oct 19 14:56:08 CEST 2010   [warn] org.apache.velocity.runtime.exception.ReferenceException: reference : template = /C:/Program Files (x86)/Adobe/Flex Builder 3/plugins/com.adobe.flexbuilder.dbwizard_3.0.214193/templates/php_rest/php/table.php.vm [line 143,column 30] : $pageSize is not a valid reference.
Tue Oct 19 14:56:08 CEST 2010   [warn] org.apache.velocity.runtime.exception.ReferenceException: reference : template = /C:/Program Files (x86)/Adobe/Flex Builder 3/plugins/com.adobe.flexbuilder.dbwizard_3.0.214193/templates/php_rest/php/table.php.vm [line 144,column 17] : $query_recordset is not a valid reference.
Tue Oct 19 14:56:08 CEST 2010   [warn] org.apache.velocity.runtime.exception.ReferenceException: reference : template = /C:/Program Files (x86)/Adobe/Flex Builder 3/plugins/com.adobe.flexbuilder.dbwizard_3.0.214193/templates/php_rest/php/table.php.vm [line 144,column 63] : $query_recordset is not a valid reference.
Tue Oct 19 14:56:08 CEST 2010   [warn] org.apache.velocity.runtime.exception.ReferenceException: reference : template = /C:/Program Files (x86)/Adobe/Flex Builder 3/plugins/com.adobe.flexbuilder.dbwizard_3.0.214193/templates/php_rest/php/table.php.vm [line 144,column 81] : $start is not a valid reference.
Tue Oct 19 14:56:08 CEST 2010   [warn] org.apache.velocity.runtime.exception.ReferenceException: reference : template = /C:/Program Files (x86)/Adobe/Flex Builder 3/plugins/com.adobe.flexbuilder.dbwizard_3.0.214193/templates/php_rest/php/table.php.vm [line 144,column 89] : $pageSize is not a valid reference.
Tue Oct 19 14:56:08 CEST 2010   [warn] org.apache.velocity.runtime.exception.ReferenceException: reference : template = /C:/Program Files (x86)/Adobe/Flex Builder 3/plugins/com.adobe.flexbuilder.dbwizard_3.0.214193/templates/php_rest/php/table.php.vm [line 147,column 9] : $recordset is not a valid reference.
Tue Oct 19 14:56:08 CEST 2010   [warn] org.apache.velocity.runtime.exception.ReferenceException: reference : template = /C:/Program Files (x86)/Adobe/Flex Builder 3/plugins/com.adobe.flexbuilder.dbwizard_3.0.214193/templates/php_rest/php/table.php.vm [line 147,column 34] : $query_recordset is not a valid reference.
Tue Oct 19 14:56:08 CEST 2010   [warn] org.apache.velocity.runtime.exception.ReferenceException: reference : template = /C:/Program Files (x86)/Adobe/Flex Builder 3/plugins/com.adobe.flexbuilder.dbwizard_3.0.214193/templates/php_rest/php/table.php.vm [line 147,column 52] : $conn is not a valid reference.
Tue Oct 19 14:56:08 CEST 2010   [warn] org.apache.velocity.runtime.exception.ReferenceException: reference : template = /C:/Program Files (x86)/Adobe/Flex Builder 3/plugins/com.adobe.flexbuilder.dbwizard_3.0.214193/templates/php_rest/php/table.php.vm [line 150,column 9] : $toret is not a valid reference.
Tue Oct 19 14:56:08 CEST 2010   [warn] org.apache.velocity.runtime.exception.ReferenceException: reference : template = /C:/Program Files (x86)/Adobe/Flex Builder 3/plugins/com.adobe.flexbuilder.dbwizard_3.0.214193/templates/php_rest/php/table.php.vm [line 151,column 16] : $row_recordset is not a valid reference.
Tue Oct 19 14:56:08 CEST 2010   [warn] org.apache.velocity.runtime.exception.ReferenceException: reference : template = /C:/Program Files (x86)/Adobe/Flex Builder 3/plugins/com.adobe.flexbuilder.dbwizard_3.0.214193/templates/php_rest/php/table.php.vm [line 151,column 51] : $recordset is not a valid reference.
Tue Oct 19 14:56:08 CEST 2010   [warn] org.apache.velocity.runtime.exception.ReferenceException: reference : template = /C:/Program Files (x86)/Adobe/Flex Builder 3/plugins/com.adobe.flexbuilder.dbwizard_3.0.214193/templates/php_rest/php/table.php.vm [line 152,column 28] : $toret is not a valid reference.
Tue Oct 19 14:56:08 CEST 2010   [warn] org.apache.velocity.runtime.exception.ReferenceException: reference : template = /C:/Program Files (x86)/Adobe/Flex Builder 3/plugins/com.adobe.flexbuilder.dbwizard_3.0.214193/templates/php_rest/php/table.php.vm [line 152,column 36] : $row_recordset is not a valid reference.
Tue Oct 19 14:56:08 CEST 2010   [warn] org.apache.velocity.runtime.exception.ReferenceException: reference : template = /C:/Program Files (x86)/Adobe/Flex Builder 3/plugins/com.adobe.flexbuilder.dbwizard_3.0.214193/templates/php_rest/php/table.php.vm [line 156,column 9] : $toret is not a valid reference.
Tue Oct 19 14:56:08 CEST 2010   [warn] org.apache.velocity.runtime.exception.ReferenceException: reference : template = /C:/Program Files (x86)/Adobe/Flex Builder 3/plugins/com.adobe.flexbuilder.dbwizard_3.0.214193/templates/php_rest/php/table.php.vm [line 157,column 27] : $toret is not a valid reference.
Tue Oct 19 14:56:08 CEST 2010   [warn] org.apache.velocity.runtime.exception.ReferenceException: reference : template = /C:/Program Files (x86)/Adobe/Flex Builder 3/plugins/com.adobe.flexbuilder.dbwizard_3.0.214193/templates/php_rest/php/table.php.vm [line 159,column 40] : $totalrows is not a valid reference.
Tue Oct 19 14:56:08 CEST 2010   [warn] org.apache.velocity.runtime.exception.ReferenceException: reference : template = /C:/Program Files (x86)/Adobe/Flex Builder 3/plugins/com.adobe.flexbuilder.dbwizard_3.0.214193/templates/php_rest/php/table.php.vm [line 160,column 38] : $pageNum is not a valid reference.
Tue Oct 19 14:56:08 CEST 2010   [warn] org.apache.velocity.runtime.exception.ReferenceException: reference : template = /C:/Program Files (x86)/Adobe/Flex Builder 3/plugins/com.adobe.flexbuilder.dbwizard_3.0.214193/templates/php_rest/php/table.php.vm [line 164,column 16] : $toret is not a valid reference.
Tue Oct 19 14:56:08 CEST 2010   [warn] org.apache.velocity.runtime.exception.ReferenceException: reference : template = /C:/Program Files (x86)/Adobe/Flex Builder 3/plugins/com.adobe.flexbuilder.dbwizard_3.0.214193/templates/php_rest/php/table.php.vm [line 170,column 4] : $_REQUEST is not a valid reference.
Tue Oct 19 14:56:08 CEST 2010   [warn] org.apache.velocity.runtime.exception.ReferenceException: reference : template = /C:/Program Files (x86)/Adobe/Flex Builder 3/plugins/com.adobe.flexbuilder.dbwizard_3.0.214193/templates/php_rest/php/table.php.vm [line 178,column 16] : $conn is not a valid reference.
Tue Oct 19 14:56:08 CEST 2010   [warn] org.apache.velocity.runtime.exception.ReferenceException: reference : template = /C:/Program Files (x86)/Adobe/Flex Builder 3/plugins/com.adobe.flexbuilder.dbwizard_3.0.214193/templates/php_rest/php/table.php.vm [line 178,column 23] : $filter_field is not a valid reference.
Tue Oct 19 14:56:08 CEST 2010   [warn] org.apache.velocity.runtime.exception.ReferenceException: reference : template = /C:/Program Files (x86)/Adobe/Flex Builder 3/plugins/com.adobe.flexbuilder.dbwizard_3.0.214193/templates/php_rest/php/table.php.vm [line 178,column 38] : $filter_type is not a valid reference.
Tue Oct 19 14:56:08 CEST 2010   [warn] org.apache.velocity.runtime.exception.ReferenceException: reference : template = /C:/Program Files (x86)/Adobe/Flex Builder 3/plugins/com.adobe.flexbuilder.dbwizard_3.0.214193/templates/php_rest/php/table.php.vm [line 180,column 9] : $where is not a valid reference.
Tue Oct 19 14:56:08 CEST 2010   [warn] org.apache.velocity.runtime.exception.ReferenceException: reference : template = /C:/Program Files (x86)/Adobe/Flex Builder 3/plugins/com.adobe.flexbuilder.dbwizard_3.0.214193/templates/php_rest/php/table.php.vm [line 181,column 14] : $_REQUEST is not a valid reference.
Tue Oct 19 14:56:08 CEST 2010   [warn] org.apache.velocity.runtime.exception.ReferenceException: reference : template = /C:/Program Files (x86)/Adobe/Flex Builder 3/plugins/com.adobe.flexbuilder.dbwizard_3.0.214193/templates/php_rest/php/table.php.vm [line 182,column 17] : $where is not a valid reference.
Tue Oct 19 14:56:08 CEST 2010   [warn] org.apache.velocity.runtime.exception.ReferenceException: reference : template = /C:/Program Files (x86)/Adobe/Flex Builder 3/plugins/com.adobe.flexbuilder.dbwizard_3.0.214193/templates/php_rest/php/table.php.vm [line 182,column 37] : $filter_field is not a valid reference.
Tue Oct 19 14:56:08 CEST 2010   [warn] org.apache.velocity.runtime.exception.ReferenceException: reference : template = /C:/Program Files (x86)/Adobe/Flex Builder 3/plugins/com.adobe.flexbuilder.dbwizard_3.0.214193/templates/php_rest/php/table.php.vm [line 182,column 92] : $_REQUEST is not a valid reference.
Tue Oct 19 14:56:08 CEST 2010   [warn] org.apache.velocity.runtime.exception.ReferenceException: reference : template = /C:/Program Files (x86)/Adobe/Flex Builder 3/plugins/com.adobe.flexbuilder.dbwizard_3.0.214193/templates/php_rest/php/table.php.vm [line 182,column 113] : $filter_type is not a valid reference.
Tue Oct 19 14:56:08 CEST 2010   [warn] org.apache.velocity.runtime.exception.ReferenceException: reference : template = /C:/Program Files (x86)/Adobe/Flex Builder 3/plugins/com.adobe.flexbuilder.dbwizard_3.0.214193/templates/php_rest/php/table.php.vm [line 186,column 9] : $rscount is not a valid reference.
Tue Oct 19 14:56:08 CEST 2010   [warn] org.apache.velocity.runtime.exception.ReferenceException: reference : template = /C:/Program Files (x86)/Adobe/Flex Builder 3/plugins/com.adobe.flexbuilder.dbwizard_3.0.214193/templates/php_rest/php/table.php.vm [line 186,column 82] : $where is not a valid reference.
Tue Oct 19 14:56:08 CEST 2010   [warn] org.apache.velocity.runtime.exception.ReferenceException: reference : template = /C:/Program Files (x86)/Adobe/Flex Builder 3/plugins/com.adobe.flexbuilder.dbwizard_3.0.214193/templates/php_rest/php/table.php.vm [line 187,column 9] : $row_rscount is not a valid reference.
Tue Oct 19 14:56:08 CEST 2010   [warn] org.apache.velocity.runtime.exception.ReferenceException: reference : template = /C:/Program Files (x86)/Adobe/Flex Builder 3/plugins/com.adobe.flexbuilder.dbwizard_3.0.214193/templates/php_rest/php/table.php.vm [line 187,column 42] : $rscount is not a valid reference.
Tue Oct 19 14:56:08 CEST 2010   [warn] org.apache.velocity.runtime.exception.ReferenceException: reference : template = /C:/Program Files (x86)/Adobe/Flex Builder 3/plugins/com.adobe.flexbuilder.dbwizard_3.0.214193/templates/php_rest/php/table.php.vm [line 188,column 9] : $totalrows is not a valid reference.
Tue Oct 19 14:56:08 CEST 2010   [warn] org.apache.velocity.runtime.exception.ReferenceException: reference : template = /C:/Program Files (x86)/Adobe/Flex Builder 3/plugins/com.adobe.flexbuilder.dbwizard_3.0.214193/templates/php_rest/php/table.php.vm [line 188,column 28] : $row_rscount is not a valid reference.
Tue Oct 19 14:56:08 CEST 2010   [warn] org.apache.velocity.runtime.exception.ReferenceException: reference : template = /C:/Program Files (x86)/Adobe/Flex Builder 3/plugins/com.adobe.flexbuilder.dbwizard_3.0.214193/templates/php_rest/php/table.php.vm [line 191,column 9] : $toret is not a valid reference.
Tue Oct 19 14:56:08 CEST 2010   [warn] org.apache.velocity.runtime.exception.ReferenceException: reference : template = /C:/Program Files (x86)/Adobe/Flex Builder 3/plugins/com.adobe.flexbuilder.dbwizard_3.0.214193/templates/php_rest/php/table.php.vm [line 192,column 27] : $totalrows is not a valid reference.
Tue Oct 19 14:56:08 CEST 2010   [warn] org.apache.velocity.runtime.exception.ReferenceException: reference : template = /C:/Program Files (x86)/Adobe/Flex Builder 3/plugins/com.adobe.flexbuilder.dbwizard_3.0.214193/templates/php_rest/php/table.php.vm [line 196,column 16] : $toret is not a valid reference.
Tue Oct 19 14:56:08 CEST 2010   [warn] org.apache.velocity.runtime.exception.ReferenceException: reference : template = /C:/Program Files (x86)/Adobe/Flex Builder 3/plugins/com.adobe.flexbuilder.dbwizard_3.0.214193/templates/php_rest/php/table.php.vm [line 202,column 4] : $_REQUEST is not a valid reference.
Tue Oct 19 14:56:08 CEST 2010   [warn] org.apache.velocity.runtime.exception.ReferenceException: reference : template = /C:/Program Files (x86)/Adobe/Flex Builder 3/plugins/com.adobe.flexbuilder.dbwizard_3.0.214193/templates/php_rest/php/table.php.vm [line 215,column 16] : $conn is not a valid reference.
Tue Oct 19 14:56:08 CEST 2010   [warn] org.apache.velocity.runtime.exception.ReferenceException: reference : template = /C:/Program Files (x86)/Adobe/Flex Builder 3/plugins/com.adobe.flexbuilder.dbwizard_3.0.214193/templates/php_rest/php/table.php.vm [line 218,column 9] : $query_insert is not a valid reference.
Tue Oct 19 14:56:08 CEST 2010   [warn] org.apache.velocity.runtime.exception.ReferenceException: reference : template = /C:/Program Files (x86)/Adobe/Flex Builder 3/plugins/com.adobe.flexbuilder.dbwizard_3.0.214193/templates/php_rest/php/table.php.vm [line 222,column 43] : $_REQUEST is not a valid reference.
Tue Oct 19 14:56:08 CEST 2010   [warn] org.apache.velocity.runtime.exception.ReferenceException: reference : template = /C:/Program Files (x86)/Adobe/Flex Builder 3/plugins/com.adobe.flexbuilder.dbwizard_3.0.214193/templates/php_rest/php/table.php.vm [line 222,column 43] : $_REQUEST is not a valid reference.
Tue Oct 19 14:56:08 CEST 2010   [warn] org.apache.velocity.runtime.exception.ReferenceException: reference : template = /C:/Program Files (x86)/Adobe/Flex Builder 3/plugins/com.adobe.flexbuilder.dbwizard_3.0.214193/templates/php_rest/php/table.php.vm [line 222,column 43] : $_REQUEST is not a valid reference.
Tue Oct 19 14:56:08 CEST 2010   [warn] org.apache.velocity.runtime.exception.ReferenceException: reference : template = /C:/Program Files (x86)/Adobe/Flex Builder 3/plugins/com.adobe.flexbuilder.dbwizard_3.0.214193/templates/php_rest/php/table.php.vm [line 226,column 9] : $ok is not a valid reference.
Tue Oct 19 14:56:08 CEST 2010   [warn] org.apache.velocity.runtime.exception.ReferenceException: reference : template = /C:/Program Files (x86)/Adobe/Flex Builder 3/plugins/com.adobe.flexbuilder.dbwizard_3.0.214193/templates/php_rest/php/table.php.vm [line 226,column 27] : $query_insert is not a valid reference.
Tue Oct 19 14:56:08 CEST 2010   [warn] org.apache.velocity.runtime.exception.ReferenceException: reference : template = /C:/Program Files (x86)/Adobe/Flex Builder 3/plugins/com.adobe.flexbuilder.dbwizard_3.0.214193/templates/php_rest/php/table.php.vm [line 228,column 13] : $ok is not a valid reference.
Tue Oct 19 14:56:08 CEST 2010   [warn] org.apache.velocity.runtime.exception.ReferenceException: reference : template = /C:/Program Files (x86)/Adobe/Flex Builder 3/plugins/com.adobe.flexbuilder.dbwizard_3.0.214193/templates/php_rest/php/table.php.vm [line 230,column 17] : $toret is not a valid reference.
Tue Oct 19 14:56:08 CEST 2010   [warn] org.apache.velocity.runtime.exception.ReferenceException: reference : template = /C:/Program Files (x86)/Adobe/Flex Builder 3/plugins/com.adobe.flexbuilder.dbwizard_3.0.214193/templates/php_rest/php/table.php.vm [line 241,column 58] : $_REQUEST is not a valid reference.
Tue Oct 19 14:56:08 CEST 2010   [warn] org.apache.velocity.runtime.exception.ReferenceException: reference : template = /C:/Program Files (x86)/Adobe/Flex Builder 3/plugins/com.adobe.flexbuilder.dbwizard_3.0.214193/templates/php_rest/php/table.php.vm [line 241,column 58] : $_REQUEST is not a valid reference.
Tue Oct 19 14:56:08 CEST 2010   [warn] org.apache.velocity.runtime.exception.ReferenceException: reference : template = /C:/Program Files (x86)/Adobe/Flex Builder 3/plugins/com.adobe.flexbuilder.dbwizard_3.0.214193/templates/php_rest/php/table.php.vm [line 241,column 58] : $_REQUEST is not a valid reference.
Tue Oct 19 14:56:08 CEST 2010   [warn] org.apache.velocity.runtime.exception.ReferenceException: reference : template = /C:/Program Files (x86)/Adobe/Flex Builder 3/plugins/com.adobe.flexbuilder.dbwizard_3.0.214193/templates/php_rest/php/table.php.vm [line 250,column 17] : $toret is not a valid reference.
Tue Oct 19 14:56:08 CEST 2010   [warn] org.apache.velocity.runtime.exception.ReferenceException: reference : template = /C:/Program Files (x86)/Adobe/Flex Builder 3/plugins/com.adobe.flexbuilder.dbwizard_3.0.214193/templates/php_rest/php/table.php.vm [line 255,column 16] : $toret is not a valid reference.
Tue Oct 19 14:56:08 CEST 2010   [warn] org.apache.velocity.runtime.exception.ReferenceException: reference : template = /C:/Program Files (x86)/Adobe/Flex Builder 3/plugins/com.adobe.flexbuilder.dbwizard_3.0.214193/templates/php_rest/php/table.php.vm [line 261,column 4] : $_REQUEST is not a valid reference.
Tue Oct 19 14:56:08 CEST 2010   [warn] org.apache.velocity.runtime.exception.ReferenceException: reference : template = /C:/Program Files (x86)/Adobe/Flex Builder 3/plugins/com.adobe.flexbuilder.dbwizard_3.0.214193/templates/php_rest/php/table.php.vm [line 262,column 4] : $_REQUEST is not a valid reference.
Tue Oct 19 14:56:08 CEST 2010   [warn] org.apache.velocity.runtime.exception.ReferenceException: reference : template = /C:/Program Files (x86)/Adobe/Flex Builder 3/plugins/com.adobe.flexbuilder.dbwizard_3.0.214193/templates/php_rest/php/table.php.vm [line 275,column 16] : $conn is not a valid reference.
Tue Oct 19 14:56:08 CEST 2010   [warn] org.apache.velocity.runtime.exception.ReferenceException: reference : template = /C:/Program Files (x86)/Adobe/Flex Builder 3/plugins/com.adobe.flexbuilder.dbwizard_3.0.214193/templates/php_rest/php/table.php.vm [line 278,column 9] : $query_recordset is not a valid reference.
Tue Oct 19 14:56:08 CEST 2010   [warn] org.apache.velocity.runtime.exception.ReferenceException: reference : template = /C:/Program Files (x86)/Adobe/Flex Builder 3/plugins/com.adobe.flexbuilder.dbwizard_3.0.214193/templates/php_rest/php/table.php.vm [line 279,column 35] : $_REQUEST is not a valid reference.
Tue Oct 19 14:56:08 CEST 2010   [warn] org.apache.velocity.runtime.exception.ReferenceException: reference : template = /C:/Program Files (x86)/Adobe/Flex Builder 3/plugins/com.adobe.flexbuilder.dbwizard_3.0.214193/templates/php_rest/php/table.php.vm [line 281,column 9] : $recordset is not a valid reference.
Tue Oct 19 14:56:08 CEST 2010   [warn] org.apache.velocity.runtime.exception.ReferenceException: reference : template = /C:/Program Files (x86)/Adobe/Flex Builder 3/plugins/com.adobe.flexbuilder.dbwizard_3.0.214193/templates/php_rest/php/table.php.vm [line 281,column 34] : $query_recordset is not a valid reference.
Tue Oct 19 14:56:08 CEST 2010   [warn] org.apache.velocity.runtime.exception.ReferenceException: reference : template = /C:/Program Files (x86)/Adobe/Flex Builder 3/plugins/com.adobe.flexbuilder.dbwizard_3.0.214193/templates/php_rest/php/table.php.vm [line 281,column 52] : $conn is not a valid reference.
Tue Oct 19 14:56:08 CEST 2010   [warn] org.apache.velocity.runtime.exception.ReferenceException: reference : template = /C:/Program Files (x86)/Adobe/Flex Builder 3/plugins/com.adobe.flexbuilder.dbwizard_3.0.214193/templates/php_rest/php/table.php.vm [line 282,column 9] : $num_rows is not a valid reference.
Tue Oct 19 14:56:08 CEST 2010   [warn] org.apache.velocity.runtime.exception.ReferenceException: reference : template = /C:/Program Files (x86)/Adobe/Flex Builder 3/plugins/com.adobe.flexbuilder.dbwizard_3.0.214193/templates/php_rest/php/table.php.vm [line 282,column 36] : $recordset is not a valid reference.
Tue Oct 19 14:56:08 CEST 2010   [warn] org.apache.velocity.runtime.exception.ReferenceException: reference : template = /C:/Program Files (x86)/Adobe/Flex Builder 3/plugins/com.adobe.flexbuilder.dbwizard_3.0.214193/templates/php_rest/php/table.php.vm [line 284,column 13] : $num_rows is not a valid reference.
Tue Oct 19 14:56:08 CEST 2010   [warn] org.apache.velocity.runtime.exception.ReferenceException: reference : template = /C:/Program Files (x86)/Adobe/Flex Builder 3/plugins/com.adobe.flexbuilder.dbwizard_3.0.214193/templates/php_rest/php/table.php.vm [line 287,column 17] : $row_recordset is not a valid reference.
Tue Oct 19 14:56:08 CEST 2010   [warn] org.apache.velocity.runtime.exception.ReferenceException: reference : template = /C:/Program Files (x86)/Adobe/Flex Builder 3/plugins/com.adobe.flexbuilder.dbwizard_3.0.214193/templates/php_rest/php/table.php.vm [line 287,column 52] : $recordset is not a valid reference.
Tue Oct 19 14:56:08 CEST 2010   [warn] org.apache.velocity.runtime.exception.ReferenceException: reference : template = /C:/Program Files (x86)/Adobe/Flex Builder 3/plugins/com.adobe.flexbuilder.dbwizard_3.0.214193/templates/php_rest/php/table.php.vm [line 288,column 17] : $query_update is not a valid reference.
Tue Oct 19 14:56:08 CEST 2010   [warn] org.apache.velocity.runtime.exception.ReferenceException: reference : template = /C:/Program Files (x86)/Adobe/Flex Builder 3/plugins/com.adobe.flexbuilder.dbwizard_3.0.214193/templates/php_rest/php/table.php.vm [line 291,column 43] : $_REQUEST is not a valid reference.
Tue Oct 19 14:56:08 CEST 2010   [warn] org.apache.velocity.runtime.exception.ReferenceException: reference : template = /C:/Program Files (x86)/Adobe/Flex Builder 3/plugins/com.adobe.flexbuilder.dbwizard_3.0.214193/templates/php_rest/php/table.php.vm [line 291,column 43] : $_REQUEST is not a valid reference.
Tue Oct 19 14:56:08 CEST 2010   [warn] org.apache.velocity.runtime.exception.ReferenceException: reference : template = /C:/Program Files (x86)/Adobe/Flex Builder 3/plugins/com.adobe.flexbuilder.dbwizard_3.0.214193/templates/php_rest/php/table.php.vm [line 291,column 43] : $_REQUEST is not a valid reference.
Tue Oct 19 14:56:08 CEST 2010   [warn] org.apache.velocity.runtime.exception.ReferenceException: reference : template = /C:/Program Files (x86)/Adobe/Flex Builder 3/plugins/com.adobe.flexbuilder.dbwizard_3.0.214193/templates/php_rest/php/table.php.vm [line 294,column 43] : $row_recordset is not a valid reference.
Tue Oct 19 14:56:08 CEST 2010   [warn] org.apache.velocity.runtime.exception.ReferenceException: reference : template = /C:/Program Files (x86)/Adobe/Flex Builder 3/plugins/com.adobe.flexbuilder.dbwizard_3.0.214193/templates/php_rest/php/table.php.vm [line 296,column 17] : $ok is not a valid reference.
Tue Oct 19 14:56:08 CEST 2010   [warn] org.apache.velocity.runtime.exception.ReferenceException: reference : template = /C:/Program Files (x86)/Adobe/Flex Builder 3/plugins/com.adobe.flexbuilder.dbwizard_3.0.214193/templates/php_rest/php/table.php.vm [line 296,column 35] : $query_update is not a valid reference.
Tue Oct 19 14:56:08 CEST 2010   [warn] org.apache.velocity.runtime.exception.ReferenceException: reference : template = /C:/Program Files (x86)/Adobe/Flex Builder 3/plugins/com.adobe.flexbuilder.dbwizard_3.0.214193/templates/php_rest/php/table.php.vm [line 297,column 21] : $ok is not a valid reference.
Tue Oct 19 14:56:08 CEST 2010   [warn] org.apache.velocity.runtime.exception.ReferenceException: reference : template = /C:/Program Files (x86)/Adobe/Flex Builder 3/plugins/com.adobe.flexbuilder.dbwizard_3.0.214193/templates/php_rest/php/table.php.vm [line 299,column 25] : $toret is not a valid reference.
Tue Oct 19 14:56:08 CEST 2010   [warn] org.apache.velocity.runtime.exception.ReferenceException: reference : template = /C:/Program Files (x86)/Adobe/Flex Builder 3/plugins/com.adobe.flexbuilder.dbwizard_3.0.214193/templates/php_rest/php/table.php.vm [line 302,column 77] : $row_recordset is not a valid reference.
Tue Oct 19 14:56:08 CEST 2010   [warn] org.apache.velocity.runtime.exception.ReferenceException: reference : template = /C:/Program Files (x86)/Adobe/Flex Builder 3/plugins/com.adobe.flexbuilder.dbwizard_3.0.214193/templates/php_rest/php/table.php.vm [line 306,column 66] : $_REQUEST is not a valid reference.
Tue Oct 19 14:56:08 CEST 2010   [warn] org.apache.velocity.runtime.exception.ReferenceException: reference : template = /C:/Program Files (x86)/Adobe/Flex Builder 3/plugins/com.adobe.flexbuilder.dbwizard_3.0.214193/templates/php_rest/php/table.php.vm [line 306,column 66] : $_REQUEST is not a valid reference.
Tue Oct 19 14:56:08 CEST 2010   [warn] org.apache.velocity.runtime.exception.ReferenceException: reference : template = /C:/Program Files (x86)/Adobe/Flex Builder 3/plugins/com.adobe.flexbuilder.dbwizard_3.0.214193/templates/php_rest/php/table.php.vm [line 306,column 66] : $_REQUEST is not a valid reference.
Tue Oct 19 14:56:08 CEST 2010   [warn] org.apache.velocity.runtime.exception.ReferenceException: reference : template = /C:/Program Files (x86)/Adobe/Flex Builder 3/plugins/com.adobe.flexbuilder.dbwizard_3.0.214193/templates/php_rest/php/table.php.vm [line 315,column 25] : $toret is not a valid reference.
Tue Oct 19 14:56:08 CEST 2010   [warn] org.apache.velocity.runtime.exception.ReferenceException: reference : template = /C:/Program Files (x86)/Adobe/Flex Builder 3/plugins/com.adobe.flexbuilder.dbwizard_3.0.214193/templates/php_rest/php/table.php.vm [line 321,column 17] : $toret is not a valid reference.
Tue Oct 19 14:56:08 CEST 2010   [warn] org.apache.velocity.runtime.exception.ReferenceException: reference : template = /C:/Program Files (x86)/Adobe/Flex Builder 3/plugins/com.adobe.flexbuilder.dbwizard_3.0.214193/templates/php_rest/php/table.php.vm [line 326,column 16] : $toret is not a valid reference.
Tue Oct 19 14:56:08 CEST 2010   [warn] org.apache.velocity.runtime.exception.ReferenceException: reference : template = /C:/Program Files (x86)/Adobe/Flex Builder 3/plugins/com.adobe.flexbuilder.dbwizard_3.0.214193/templates/php_rest/php/table.php.vm [line 332,column 4] : $_REQUEST is not a valid reference.
Tue Oct 19 14:56:08 CEST 2010   [warn] org.apache.velocity.runtime.exception.ReferenceException: reference : template = /C:/Program Files (x86)/Adobe/Flex Builder 3/plugins/com.adobe.flexbuilder.dbwizard_3.0.214193/templates/php_rest/php/table.php.vm [line 340,column 16] : $conn is not a valid reference.
Tue Oct 19 14:56:08 CEST 2010   [warn] org.apache.velocity.runtime.exception.ReferenceException: reference : template = /C:/Program Files (x86)/Adobe/Flex Builder 3/plugins/com.adobe.flexbuilder.dbwizard_3.0.214193/templates/php_rest/php/table.php.vm [line 343,column 9] : $query_recordset is not a valid reference.
Tue Oct 19 14:56:08 CEST 2010   [warn] org.apache.velocity.runtime.exception.ReferenceException: reference : template = /C:/Program Files (x86)/Adobe/Flex Builder 3/plugins/com.adobe.flexbuilder.dbwizard_3.0.214193/templates/php_rest/php/table.php.vm [line 344,column 35] : $_REQUEST is not a valid reference.
Tue Oct 19 14:56:08 CEST 2010   [warn] org.apache.velocity.runtime.exception.ReferenceException: reference : template = /C:/Program Files (x86)/Adobe/Flex Builder 3/plugins/com.adobe.flexbuilder.dbwizard_3.0.214193/templates/php_rest/php/table.php.vm [line 346,column 9] : $recordset is not a valid reference.
Tue Oct 19 14:56:08 CEST 2010   [warn] org.apache.velocity.runtime.exception.ReferenceException: reference : template = /C:/Program Files (x86)/Adobe/Flex Builder 3/plugins/com.adobe.flexbuilder.dbwizard_3.0.214193/templates/php_rest/php/table.php.vm [line 346,column 34] : $query_recordset is not a valid reference.
Tue Oct 19 14:56:08 CEST 2010   [warn] org.apache.velocity.runtime.exception.ReferenceException: reference : template = /C:/Program Files (x86)/Adobe/Flex Builder 3/plugins/com.adobe.flexbuilder.dbwizard_3.0.214193/templates/php_rest/php/table.php.vm [line 346,column 52] : $conn is not a valid reference.
Tue Oct 19 14:56:08 CEST 2010   [warn] org.apache.velocity.runtime.exception.ReferenceException: reference : template = /C:/Program Files (x86)/Adobe/Flex Builder 3/plugins/com.adobe.flexbuilder.dbwizard_3.0.214193/templates/php_rest/php/table.php.vm [line 347,column 9] : $num_rows is not a valid reference.
Tue Oct 19 14:56:08 CEST 2010   [warn] org.apache.velocity.runtime.exception.ReferenceException: reference : template = /C:/Program Files (x86)/Adobe/Flex Builder 3/plugins/com.adobe.flexbuilder.dbwizard_3.0.214193/templates/php_rest/php/table.php.vm [line 347,column 36] : $recordset is not a valid reference.
Tue Oct 19 14:56:08 CEST 2010   [warn] org.apache.velocity.runtime.exception.ReferenceException: reference : template = /C:/Program Files (x86)/Adobe/Flex Builder 3/plugins/com.adobe.flexbuilder.dbwizard_3.0.214193/templates/php_rest/php/table.php.vm [line 349,column 13] : $num_rows is not a valid reference.
Tue Oct 19 14:56:08 CEST 2010   [warn] org.apache.velocity.runtime.exception.ReferenceException: reference : template = /C:/Program Files (x86)/Adobe/Flex Builder 3/plugins/com.adobe.flexbuilder.dbwizard_3.0.214193/templates/php_rest/php/table.php.vm [line 350,column 17] : $row_recordset is not a valid reference.
Tue Oct 19 14:56:08 CEST 2010   [warn] org.apache.velocity.runtime.exception.ReferenceException: reference : template = /C:/Program Files (x86)/Adobe/Flex Builder 3/plugins/com.adobe.flexbuilder.dbwizard_3.0.214193/templates/php_rest/php/table.php.vm [line 350,column 52] : $recordset is not a valid reference.
Tue Oct 19 14:56:08 CEST 2010   [warn] org.apache.velocity.runtime.exception.ReferenceException: reference : template = /C:/Program Files (x86)/Adobe/Flex Builder 3/plugins/com.adobe.flexbuilder.dbwizard_3.0.214193/templates/php_rest/php/table.php.vm [line 351,column 17] : $query_delete is not a valid reference.
Tue Oct 19 14:56:08 CEST 2010   [warn] org.apache.velocity.runtime.exception.ReferenceException: reference : template = /C:/Program Files (x86)/Adobe/Flex Builder 3/plugins/com.adobe.flexbuilder.dbwizard_3.0.214193/templates/php_rest/php/table.php.vm [line 352,column 43] : $row_recordset is not a valid reference.
Tue Oct 19 14:56:08 CEST 2010   [warn] org.apache.velocity.runtime.exception.ReferenceException: reference : template = /C:/Program Files (x86)/Adobe/Flex Builder 3/plugins/com.adobe.flexbuilder.dbwizard_3.0.214193/templates/php_rest/php/table.php.vm [line 354,column 17] : $ok is not a valid reference.
Tue Oct 19 14:56:08 CEST 2010   [warn] org.apache.velocity.runtime.exception.ReferenceException: reference : template = /C:/Program Files (x86)/Adobe/Flex Builder 3/plugins/com.adobe.flexbuilder.dbwizard_3.0.214193/templates/php_rest/php/table.php.vm [line 354,column 35] : $query_delete is not a valid reference.
Tue Oct 19 14:56:08 CEST 2010   [warn] org.apache.velocity.runtime.exception.ReferenceException: reference : template = /C:/Program Files (x86)/Adobe/Flex Builder 3/plugins/com.adobe.flexbuilder.dbwizard_3.0.214193/templates/php_rest/php/table.php.vm [line 355,column 21] : $ok is not a valid reference.
Tue Oct 19 14:56:08 CEST 2010   [warn] org.apache.velocity.runtime.exception.ReferenceException: reference : template = /C:/Program Files (x86)/Adobe/Flex Builder 3/plugins/com.adobe.flexbuilder.dbwizard_3.0.214193/templates/php_rest/php/table.php.vm [line 357,column 25] : $toret is not a valid reference.
Tue Oct 19 14:56:08 CEST 2010   [warn] org.apache.velocity.runtime.exception.ReferenceException: reference : template = /C:/Program Files (x86)/Adobe/Flex Builder 3/plugins/com.adobe.flexbuilder.dbwizard_3.0.214193/templates/php_rest/php/table.php.vm [line 358,column 43] : $row_recordset is not a valid reference.
Tue Oct 19 14:56:08 CEST 2010   [warn] org.apache.velocity.runtime.exception.ReferenceException: reference : template = /C:/Program Files (x86)/Adobe/Flex Builder 3/plugins/com.adobe.flexbuilder.dbwizard_3.0.214193/templates/php_rest/php/table.php.vm [line 362,column 25] : $toret is not a valid reference.
Tue Oct 19 14:56:08 CEST 2010   [warn] org.apache.velocity.runtime.exception.ReferenceException: reference : template = /C:/Program Files (x86)/Adobe/Flex Builder 3/plugins/com.adobe.flexbuilder.dbwizard_3.0.214193/templates/php_rest/php/table.php.vm [line 370,column 17] : $toret is not a valid reference.
Tue Oct 19 14:56:08 CEST 2010   [warn] org.apache.velocity.runtime.exception.ReferenceException: reference : template = /C:/Program Files (x86)/Adobe/Flex Builder 3/plugins/com.adobe.flexbuilder.dbwizard_3.0.214193/templates/php_rest/php/table.php.vm [line 375,column 16] : $toret is not a valid reference.
Tue Oct 19 14:56:08 CEST 2010   [warn] org.apache.velocity.runtime.exception.ReferenceException: reference : template = /C:/Program Files (x86)/Adobe/Flex Builder 3/plugins/com.adobe.flexbuilder.dbwizard_3.0.214193/templates/php_rest/php/table.php.vm [line 382,column 1] : $ret is not a valid reference.
Tue Oct 19 14:56:08 CEST 2010   [warn] org.apache.velocity.runtime.exception.ReferenceException: reference : template = /C:/Program Files (x86)/Adobe/Flex Builder 3/plugins/com.adobe.flexbuilder.dbwizard_3.0.214193/templates/php_rest/php/table.php.vm [line 392,column 5] : $conn is not a valid reference.
Tue Oct 19 14:56:08 CEST 2010   [warn] org.apache.velocity.runtime.exception.ReferenceException: reference : template = /C:/Program Files (x86)/Adobe/Flex Builder 3/plugins/com.adobe.flexbuilder.dbwizard_3.0.214193/templates/php_rest/php/table.php.vm [line 393,column 9] : $ret is not a valid reference.
Tue Oct 19 14:56:08 CEST 2010   [warn] org.apache.velocity.runtime.exception.ReferenceException: reference : template = /C:/Program Files (x86)/Adobe/Flex Builder 3/plugins/com.adobe.flexbuilder.dbwizard_3.0.214193/templates/php_rest/php/table.php.vm [line 398,column 25] : $database_conn is not a valid reference.
Tue Oct 19 14:56:08 CEST 2010   [warn] org.apache.velocity.runtime.exception.ReferenceException: reference : template = /C:/Program Files (x86)/Adobe/Flex Builder 3/plugins/com.adobe.flexbuilder.dbwizard_3.0.214193/templates/php_rest/php/table.php.vm [line 398,column 41] : $conn is not a valid reference.
Tue Oct 19 14:56:08 CEST 2010   [warn] org.apache.velocity.runtime.exception.ReferenceException: reference : template = /C:/Program Files (x86)/Adobe/Flex Builder 3/plugins/com.adobe.flexbuilder.dbwizard_3.0.214193/templates/php_rest/php/table.php.vm [line 400,column 35] : $_REQUEST is not a valid reference.
Tue Oct 19 14:56:08 CEST 2010   [warn] org.apache.velocity.runtime.exception.ReferenceException: reference : template = /C:/Program Files (x86)/Adobe/Flex Builder 3/plugins/com.adobe.flexbuilder.dbwizard_3.0.214193/templates/php_rest/php/table.php.vm [line 404,column 18] : $_REQUEST is not a valid reference.
Tue Oct 19 14:56:08 CEST 2010   [warn] org.apache.velocity.runtime.exception.ReferenceException: reference : template = /C:/Program Files (x86)/Adobe/Flex Builder 3/plugins/com.adobe.flexbuilder.dbwizard_3.0.214193/templates/php_rest/php/table.php.vm [line 406,column 25] : $ret is not a valid reference.
Tue Oct 19 14:56:08 CEST 2010   [warn] org.apache.velocity.runtime.exception.ReferenceException: reference : template = /C:/Program Files (x86)/Adobe/Flex Builder 3/plugins/com.adobe.flexbuilder.dbwizard_3.0.214193/templates/php_rest/php/table.php.vm [line 409,column 25] : $ret is not a valid reference.
Tue Oct 19 14:56:08 CEST 2010   [warn] org.apache.velocity.runtime.exception.ReferenceException: reference : template = /C:/Program Files (x86)/Adobe/Flex Builder 3/plugins/com.adobe.flexbuilder.dbwizard_3.0.214193/templates/php_rest/php/table.php.vm [line 412,column 25] : $ret is not a valid reference.
Tue Oct 19 14:56:08 CEST 2010   [warn] org.apache.velocity.runtime.exception.ReferenceException: reference : template = /C:/Program Files (x86)/Adobe/Flex Builder 3/plugins/com.adobe.flexbuilder.dbwizard_3.0.214193/templates/php_rest/php/table.php.vm [line 415,column 25] : $ret is not a valid reference.
Tue Oct 19 14:56:08 CEST 2010   [warn] org.apache.velocity.runtime.exception.ReferenceException: reference : template = /C:/Program Files (x86)/Adobe/Flex Builder 3/plugins/com.adobe.flexbuilder.dbwizard_3.0.214193/templates/php_rest/php/table.php.vm [line 418,column 25] : $ret is not a valid reference.
Tue Oct 19 14:56:08 CEST 2010   [warn] org.apache.velocity.runtime.exception.ReferenceException: reference : template = /C:/Program Files (x86)/Adobe/Flex Builder 3/plugins/com.adobe.flexbuilder.dbwizard_3.0.214193/templates/php_rest/php/table.php.vm [line 424,column 1] : $serializer is not a valid reference.
Tue Oct 19 14:56:08 CEST 2010   [warn] org.apache.velocity.runtime.exception.ReferenceException: reference : template = /C:/Program Files (x86)/Adobe/Flex Builder 3/plugins/com.adobe.flexbuilder.dbwizard_3.0.214193/templates/php_rest/php/table.php.vm [line 425,column 6] : $serializer- is not a valid reference.
Tue Oct 19 14:56:08 CEST 2010   [warn] org.apache.velocity.runtime.exception.ReferenceException: reference : template = /C:/Program Files (x86)/Adobe/Flex Builder 3/plugins/com.adobe.flexbuilder.dbwizard_3.0.214193/templates/php_rest/php/table.php.vm [line 425,column 29] : $ret is not a valid reference.
